Determining if the include file pthread.h exists failed with the following output:
Change Dir: D:/Users/Antoine/Desktop/Codage/C/LP25/cmake-build-debug/CMakeFiles/CMakeTmp

Run Build Command(s):D:/MinGW/bin/mingw32-make.exe cmTC_9f699/fast 
D:/MinGW/bin/mingw32-make.exe -f CMakeFiles\cmTC_9f699.dir\build.make CMakeFiles/cmTC_9f699.dir/build
mingw32-make.exe[1]: Entering directory 'D:/Users/Antoine/Desktop/Codage/C/LP25/cmake-build-debug/CMakeFiles/CMakeTmp'
Building C object CMakeFiles/cmTC_9f699.dir/CheckIncludeFile.c.obj
D:\MinGW\bin\gcc.exe   -Wall -Wextra    -std=gnu99 -o CMakeFiles\cmTC_9f699.dir\CheckIncludeFile.c.obj   -c D:\Users\Antoine\Desktop\Codage\C\LP25\cmake-build-debug\CMakeFiles\CMakeTmp\CheckIncludeFile.c
D:\Users\Antoine\Desktop\Codage\C\LP25\cmake-build-debug\CMakeFiles\CMakeTmp\CheckIncludeFile.c:1:10: fatal error: pthread.h: No such file or directory
 #include <pthread.h>
          ^~~~~~~~~~~
compilation terminated.
CMakeFiles\cmTC_9f699.dir\build.make:64: recipe for target 'CMakeFiles/cmTC_9f699.dir/CheckIncludeFile.c.obj' failed
mingw32-make.exe[1]: *** [CMakeFiles/cmTC_9f699.dir/CheckIncludeFile.c.obj] Error 1
mingw32-make.exe[1]: Leaving directory 'D:/Users/Antoine/Desktop/Codage/C/LP25/cmake-build-debug/CMakeFiles/CMakeTmp'
Makefile:120: recipe for target 'cmTC_9f699/fast' failed
mingw32-make.exe: *** [cmTC_9f699/fast] Error 2


Compiling the CXX compiler identification source file "CMakeCXXCompilerId.cpp" failed.
Compiler: g++.exe 
Build flags: 
Id flags:  

The output was:
Le fichier spécifié est introuvable


Compiling the CXX compiler identification source file "CMakeCXXCompilerId.cpp" failed.
Compiler: g++.exe 
Build flags: 
Id flags: -c 

The output was:
Le fichier spécifié est introuvable


Compiling the CXX compiler identification source file "CMakeCXXCompilerId.cpp" failed.
Compiler: g++.exe 
Build flags: 
Id flags: --c++ 

The output was:
Le fichier spécifié est introuvable


Compiling the CXX compiler identification source file "CMakeCXXCompilerId.cpp" failed.
Compiler: g++.exe 
Build flags: 
Id flags: --ec++ 

The output was:
Le fichier spécifié est introuvable


Compiling the CXX compiler identification source file "CMakeCXXCompilerId.cpp" failed.
Compiler: g++.exe 
Build flags: 
Id flags:  

The output was:
Le fichier spécifié est introuvable


Compiling the CXX compiler identification source file "CMakeCXXCompilerId.cpp" failed.
Compiler: g++.exe 
Build flags: 
Id flags: -c 

The output was:
Le fichier spécifié est introuvable


Compiling the CXX compiler identification source file "CMakeCXXCompilerId.cpp" failed.
Compiler: g++.exe 
Build flags: 
Id flags: --c++ 

The output was:
Le fichier spécifié est introuvable


Compiling the CXX compiler identification source file "CMakeCXXCompilerId.cpp" failed.
Compiler: g++.exe 
Build flags: 
Id flags: --ec++ 

The output was:
Le fichier spécifié est introuvable


Checking whether the CXX compiler is IAR using "" did not match "IAR .+ Compiler":
Checking whether the CXX compiler is IAR using "" did not match "IAR .+ Compiler":
